<?xml version="1.0" encoding="UTF-8"?>
<!-- Generated by org.testng.reporters.JUnitXMLReporter -->
<testsuite hostname="DESKTOP-1FPSSPO" ignored="0" name="Test" tests="5" failures="0" timestamp="2021-08-17T14:43:29 PDT" time="5.972" errors="0">
  <testcase name="test_getAllVideoGames" time="1.732" classname="testCases.TC_VideoGameAPI"/>
  <testcase name="test_addNewVideoGame" time="0.453" classname="testCases.TC_VideoGameAPI"/>
  <testcase name="test_getVideoGame" time="0.647" classname="testCases.TC_VideoGameAPI"/>
  <testcase name="test_UpdateVideoGame" time="0.061" classname="testCases.TC_VideoGameAPI"/>
  <testcase name="test_DeleteVideoGame" time="3.025" classname="testCases.TC_VideoGameAPI"/>
</testsuite> <!-- Test -->
