<?xml version="1.0" encoding="UTF-8"?>
<testng-results skipped="0" failed="0" ignored="0" total="5" passed="5">
  <reporter-output>
  </reporter-output>
  <suite name="Suite" duration-ms="5972" started-at="2021-08-17T14:43:23 PDT" finished-at="2021-08-17T14:43:29 PDT">
    <groups>
    </groups>
    <test name="Test" duration-ms="5972" started-at="2021-08-17T14:43:23 PDT" finished-at="2021-08-17T14:43:29 PDT">
      <class name="testCases.TC_VideoGameAPI">
        <test-method status="PASS" signature="test_getAllVideoGames()[pri:1, instance:testCases.TC_VideoGameAPI@2bbf4b8b]" name="test_getAllVideoGames" duration-ms="1732" started-at="2021-08-17T14:43:23 PDT" finished-at="2021-08-17T14:43:25 PDT">
          <reporter-output>
          </reporter-output>
        </test-method> <!-- test_getAllVideoGames -->
        <test-method status="PASS" signature="test_addNewVideoGame()[pri:2, instance:testCases.TC_VideoGameAPI@2bbf4b8b]" name="test_addNewVideoGame" duration-ms="453" started-at="2021-08-17T14:43:25 PDT" finished-at="2021-08-17T14:43:25 PDT">
          <reporter-output>
          </reporter-output>
        </test-method> <!-- test_addNewVideoGame -->
        <test-method status="PASS" signature="test_getVideoGame()[pri:3, instance:testCases.TC_VideoGameAPI@2bbf4b8b]" name="test_getVideoGame" duration-ms="647" started-at="2021-08-17T14:43:25 PDT" finished-at="2021-08-17T14:43:26 PDT">
          <reporter-output>
          </reporter-output>
        </test-method> <!-- test_getVideoGame -->
        <test-method status="PASS" signature="test_UpdateVideoGame()[pri:4, instance:testCases.TC_VideoGameAPI@2bbf4b8b]" name="test_UpdateVideoGame" duration-ms="61" started-at="2021-08-17T14:43:26 PDT" finished-at="2021-08-17T14:43:26 PDT">
          <reporter-output>
          </reporter-output>
        </test-method> <!-- test_UpdateVideoGame -->
        <test-method status="PASS" signature="test_DeleteVideoGame()[pri:5, instance:testCases.TC_VideoGameAPI@2bbf4b8b]" name="test_DeleteVideoGame" duration-ms="3025" started-at="2021-08-17T14:43:26 PDT" finished-at="2021-08-17T14:43:29 PDT">
          <reporter-output>
          </reporter-output>
        </test-method> <!-- test_DeleteVideoGame -->
      </class> <!-- testCases.TC_VideoGameAPI -->
    </test> <!-- Test -->
  </suite> <!-- Suite -->
</testng-results>
